This is pdfTeX, Version 3.14159265-2.6-1.40.16 (MiKTeX 2.9) (preloaded format=pdflatex 2016.4.13)  20 DEC 2016 17:39
entering extended mode
**"C:/Users/Mark Roland/Desktop/Bachelor/Latex Opgave/texTemplate.tex"
("C:/Users/Mark Roland/Desktop/Bachelor/Latex Opgave/texTemplate.tex"
LaTeX2e <2015/10/01> patch level 2
Babel <3.9n> and hyphenation patterns for 69 languages loaded.

("C:\Users\Mark Roland\AppData\Local\Programs\MiKTeX 2.9\tex\latex\base\article
.cls"
Document Class: article 2014/09/29 v1.4h Standard LaTeX document class

("C:\Users\Mark Roland\AppData\Local\Programs\MiKTeX 2.9\tex\latex\base\size12.
clo"
File: size12.clo 2014/09/29 v1.4h Standard LaTeX file (size option)
)
\c@part=\count79
\c@section=\count80
\c@subsection=\count81
\c@subsubsection=\count82
\c@paragraph=\count83
\c@subparagraph=\count84
\c@figure=\count85
\c@table=\count86
\abovecaptionskip=\skip41
\belowcaptionskip=\skip42
\bibindent=\dimen102
)
("C:\Users\Mark Roland\AppData\Local\Programs\MiKTeX 2.9\tex\latex\base\inputen
c.sty"
Package: inputenc 2015/03/17 v1.2c Input encoding file
\inpenc@prehook=\toks14
\inpenc@posthook=\toks15

("C:\Users\Mark Roland\AppData\Local\Programs\MiKTeX 2.9\tex\latex\base\utf8.de
f"
File: utf8.def 2015/09/07 v1.1p UTF-8 support for inputenc
Now handling font encoding OML ...
... no UTF-8 mapping file for font encoding OML
Now handling font encoding T1 ...
... processing UTF-8 mapping file for font encoding T1

("C:\Users\Mark Roland\AppData\Local\Programs\MiKTeX 2.9\tex\latex\base\t1enc.d
fu"
File: t1enc.dfu 2015/09/07 v1.1p UTF-8 support for inputenc
   defining Unicode char U+00A0 (decimal 160)
   defining Unicode char U+00A1 (decimal 161)
   defining Unicode char U+00A3 (decimal 163)
   defining Unicode char U+00AB (decimal 171)
   defining Unicode char U+00AD (decimal 173)
   defining Unicode char U+00BB (decimal 187)
   defining Unicode char U+00BF (decimal 191)
   defining Unicode char U+00C0 (decimal 192)
   defining Unicode char U+00C1 (decimal 193)
   defining Unicode char U+00C2 (decimal 194)
   defining Unicode char U+00C3 (decimal 195)
   defining Unicode char U+00C4 (decimal 196)
   defining Unicode char U+00C5 (decimal 197)
   defining Unicode char U+00C6 (decimal 198)
   defining Unicode char U+00C7 (decimal 199)
   defining Unicode char U+00C8 (decimal 200)
   defining Unicode char U+00C9 (decimal 201)
   defining Unicode char U+00CA (decimal 202)
   defining Unicode char U+00CB (decimal 203)
   defining Unicode char U+00CC (decimal 204)
   defining Unicode char U+00CD (decimal 205)
   defining Unicode char U+00CE (decimal 206)
   defining Unicode char U+00CF (decimal 207)
   defining Unicode char U+00D0 (decimal 208)
   defining Unicode char U+00D1 (decimal 209)
   defining Unicode char U+00D2 (decimal 210)
   defining Unicode char U+00D3 (decimal 211)
   defining Unicode char U+00D4 (decimal 212)
   defining Unicode char U+00D5 (decimal 213)
   defining Unicode char U+00D6 (decimal 214)
   defining Unicode char U+00D8 (decimal 216)
   defining Unicode char U+00D9 (decimal 217)
   defining Unicode char U+00DA (decimal 218)
   defining Unicode char U+00DB (decimal 219)
   defining Unicode char U+00DC (decimal 220)
   defining Unicode char U+00DD (decimal 221)
   defining Unicode char U+00DE (decimal 222)
   defining Unicode char U+00DF (decimal 223)
   defining Unicode char U+00E0 (decimal 224)
   defining Unicode char U+00E1 (decimal 225)
   defining Unicode char U+00E2 (decimal 226)
   defining Unicode char U+00E3 (decimal 227)
   defining Unicode char U+00E4 (decimal 228)
   defining Unicode char U+00E5 (decimal 229)
   defining Unicode char U+00E6 (decimal 230)
   defining Unicode char U+00E7 (decimal 231)
   defining Unicode char U+00E8 (decimal 232)
   defining Unicode char U+00E9 (decimal 233)
   defining Unicode char U+00EA (decimal 234)
   defining Unicode char U+00EB (decimal 235)
   defining Unicode char U+00EC (decimal 236)
   defining Unicode char U+00ED (decimal 237)
   defining Unicode char U+00EE (decimal 238)
   defining Unicode char U+00EF (decimal 239)
   defining Unicode char U+00F0 (decimal 240)
   defining Unicode char U+00F1 (decimal 241)
   defining Unicode char U+00F2 (decimal 242)
   defining Unicode char U+00F3 (decimal 243)
   defining Unicode char U+00F4 (decimal 244)
   defining Unicode char U+00F5 (decimal 245)
   defining Unicode char U+00F6 (decimal 246)
   defining Unicode char U+00F8 (decimal 248)
   defining Unicode char U+00F9 (decimal 249)
   defining Unicode char U+00FA (decimal 250)
   defining Unicode char U+00FB (decimal 251)
   defining Unicode char U+00FC (decimal 252)
   defining Unicode char U+00FD (decimal 253)
   defining Unicode char U+00FE (decimal 254)
   defining Unicode char U+00FF (decimal 255)
   defining Unicode char U+0102 (decimal 258)
   defining Unicode char U+0103 (decimal 259)
   defining Unicode char U+0104 (decimal 260)
   defining Unicode char U+0105 (decimal 261)
   defining Unicode char U+0106 (decimal 262)
   defining Unicode char U+0107 (decimal 263)
   defining Unicode char U+010C (decimal 268)
   defining Unicode char U+010D (decimal 269)
   defining Unicode char U+010E (decimal 270)
   defining Unicode char U+010F (decimal 271)
   defining Unicode char U+0110 (decimal 272)
   defining Unicode char U+0111 (decimal 273)
   defining Unicode char U+0118 (decimal 280)
   defining Unicode char U+0119 (decimal 281)
   defining Unicode char U+011A (decimal 282)
   defining Unicode char U+011B (decimal 283)
   defining Unicode char U+011E (decimal 286)
   defining Unicode char U+011F (decimal 287)
   defining Unicode char U+0130 (decimal 304)
   defining Unicode char U+0131 (decimal 305)
   defining Unicode char U+0132 (decimal 306)
   defining Unicode char U+0133 (decimal 307)
   defining Unicode char U+0139 (decimal 313)
   defining Unicode char U+013A (decimal 314)
   defining Unicode char U+013D (decimal 317)
   defining Unicode char U+013E (decimal 318)
   defining Unicode char U+0141 (decimal 321)
   defining Unicode char U+0142 (decimal 322)
   defining Unicode char U+0143 (decimal 323)
   defining Unicode char U+0144 (decimal 324)
   defining Unicode char U+0147 (decimal 327)
   defining Unicode char U+0148 (decimal 328)
   defining Unicode char U+014A (decimal 330)
   defining Unicode char U+014B (decimal 331)
   defining Unicode char U+0150 (decimal 336)
   defining Unicode char U+0151 (decimal 337)
   defining Unicode char U+0152 (decimal 338)
   defining Unicode char U+0153 (decimal 339)
   defining Unicode char U+0154 (decimal 340)
   defining Unicode char U+0155 (decimal 341)
   defining Unicode char U+0158 (decimal 344)
   defining Unicode char U+0159 (decimal 345)
   defining Unicode char U+015A (decimal 346)
   defining Unicode char U+015B (decimal 347)
   defining Unicode char U+015E (decimal 350)
   defining Unicode char U+015F (decimal 351)
   defining Unicode char U+0160 (decimal 352)
   defining Unicode char U+0161 (decimal 353)
   defining Unicode char U+0162 (decimal 354)
   defining Unicode char U+0163 (decimal 355)
   defining Unicode char U+0164 (decimal 356)
   defining Unicode char U+0165 (decimal 357)
   defining Unicode char U+016E (decimal 366)
   defining Unicode char U+016F (decimal 367)
   defining Unicode char U+0170 (decimal 368)
   defining Unicode char U+0171 (decimal 369)
   defining Unicode char U+0174 (decimal 372)
   defining Unicode char U+0175 (decimal 373)
   defining Unicode char U+0176 (decimal 374)
   defining Unicode char U+0177 (decimal 375)
   defining Unicode char U+0178 (decimal 376)
   defining Unicode char U+0179 (decimal 377)
   defining Unicode char U+017A (decimal 378)
   defining Unicode char U+017B (decimal 379)
   defining Unicode char U+017C (decimal 380)
   defining Unicode char U+017D (decimal 381)
   defining Unicode char U+017E (decimal 382)
   defining Unicode char U+0218 (decimal 536)
   defining Unicode char U+0219 (decimal 537)
   defining Unicode char U+021A (decimal 538)
   defining Unicode char U+021B (decimal 539)
   defining Unicode char U+200C (decimal 8204)
   defining Unicode char U+2013 (decimal 8211)
   defining Unicode char U+2014 (decimal 8212)
   defining Unicode char U+2018 (decimal 8216)
   defining Unicode char U+2019 (decimal 8217)
   defining Unicode char U+201A (decimal 8218)
   defining Unicode char U+201C (decimal 8220)
   defining Unicode char U+201D (decimal 8221)
   defining Unicode char U+201E (decimal 8222)
   defining Unicode char U+2030 (decimal 8240)
   defining Unicode char U+2031 (decimal 8241)
   defining Unicode char U+2039 (decimal 8249)
   defining Unicode char U+203A (decimal 8250)
   defining Unicode char U+2423 (decimal 9251)
)
Now handling font encoding OT1 ...
... processing UTF-8 mapping file for font encoding OT1

("C:\Users\Mark Roland\AppData\Local\Programs\MiKTeX 2.9\tex\latex\base\ot1enc.
dfu"
File: ot1enc.dfu 2015/09/07 v1.1p UTF-8 support for inputenc
   defining Unicode char U+00A0 (decimal 160)
   defining Unicode char U+00A1 (decimal 161)
   defining Unicode char U+00A3 (decimal 163)
   defining Unicode char U+00AD (decimal 173)
   defining Unicode char U+00B8 (decimal 184)
   defining Unicode char U+00BF (decimal 191)
   defining Unicode char U+00C5 (decimal 197)
   defining Unicode char U+00C6 (decimal 198)
   defining Unicode char U+00D8 (decimal 216)
   defining Unicode char U+00DF (decimal 223)
   defining Unicode char U+00E6 (decimal 230)
   defining Unicode char U+00EC (decimal 236)
   defining Unicode char U+00ED (decimal 237)
   defining Unicode char U+00EE (decimal 238)
   defining Unicode char U+00EF (decimal 239)
   defining Unicode char U+00F8 (decimal 248)
   defining Unicode char U+0131 (decimal 305)
   defining Unicode char U+0141 (decimal 321)
   defining Unicode char U+0142 (decimal 322)
   defining Unicode char U+0152 (decimal 338)
   defining Unicode char U+0153 (decimal 339)
   defining Unicode char U+0174 (decimal 372)
   defining Unicode char U+0175 (decimal 373)
   defining Unicode char U+0176 (decimal 374)
   defining Unicode char U+0177 (decimal 375)
   defining Unicode char U+0218 (decimal 536)
   defining Unicode char U+0219 (decimal 537)
   defining Unicode char U+021A (decimal 538)
   defining Unicode char U+021B (decimal 539)
   defining Unicode char U+2013 (decimal 8211)
   defining Unicode char U+2014 (decimal 8212)
   defining Unicode char U+2018 (decimal 8216)
   defining Unicode char U+2019 (decimal 8217)
   defining Unicode char U+201C (decimal 8220)
   defining Unicode char U+201D (decimal 8221)
)
Now handling font encoding OMS ...
... processing UTF-8 mapping file for font encoding OMS

("C:\Users\Mark Roland\AppData\Local\Programs\MiKTeX 2.9\tex\latex\base\omsenc.
dfu"
File: omsenc.dfu 2015/09/07 v1.1p UTF-8 support for inputenc
   defining Unicode char U+00A7 (decimal 167)
   defining Unicode char U+00B6 (decimal 182)
   defining Unicode char U+00B7 (decimal 183)
   defining Unicode char U+2020 (decimal 8224)
   defining Unicode char U+2021 (decimal 8225)
   defining Unicode char U+2022 (decimal 8226)
)
Now handling font encoding OMX ...
... no UTF-8 mapping file for font encoding OMX
Now handling font encoding U ...
... no UTF-8 mapping file for font encoding U
   defining Unicode char U+00A9 (decimal 169)
   defining Unicode char U+00AA (decimal 170)
   defining Unicode char U+00AE (decimal 174)
   defining Unicode char U+00BA (decimal 186)
   defining Unicode char U+02C6 (decimal 710)
   defining Unicode char U+02DC (decimal 732)
   defining Unicode char U+200C (decimal 8204)
   defining Unicode char U+2026 (decimal 8230)
   defining Unicode char U+2122 (decimal 8482)
   defining Unicode char U+2423 (decimal 9251)
))
("C:\Users\Mark Roland\AppData\Local\Programs\MiKTeX 2.9\tex\latex\base\fontenc
.sty"
Package: fontenc 2005/09/27 v1.99g Standard LaTeX package

("C:\Users\Mark Roland\AppData\Local\Programs\MiKTeX 2.9\tex\latex\base\t1enc.d
ef"
File: t1enc.def 2005/09/27 v1.99g Standard LaTeX file
LaTeX Font Info:    Redeclaring font encoding T1 on input line 48.
))
("C:\Users\Mark Roland\AppData\Local\Programs\MiKTeX 2.9\tex\generic\babel\babe
l.sty"
Package: babel 2016/01/08 3.9n The Babel package

*************************************
* Local config file bblopts.cfg used
*

("C:\Users\Mark Roland\AppData\Local\Programs\MiKTeX 2.9\tex\latex\00miktex\bbl
opts.cfg"
File: bblopts.cfg 2006/07/31 v1.0 MiKTeX 'babel' configuration
)
("C:\Users\Mark Roland\AppData\Local\Programs\MiKTeX 2.9\tex\latex\babel-englis
h\english.ldf"
Language: english 2012/08/20 v3.3p English support from the babel system

("C:\Users\Mark Roland\AppData\Local\Programs\MiKTeX 2.9\tex\generic\babel\babe
l.def"
File: babel.def 2016/01/08 3.9n Babel common definitions
\babel@savecnt=\count87
\U@D=\dimen103
)
\l@canadian = a dialect from \language\l@american 
\l@australian = a dialect from \language\l@british 
\l@newzealand = a dialect from \language\l@british 
))
("C:\Users\Mark Roland\AppData\Local\Programs\MiKTeX 2.9\tex\latex\geometry\geo
metry.sty"
Package: geometry 2010/09/12 v5.6 Page Geometry

("C:\Users\Mark Roland\AppData\Local\Programs\MiKTeX 2.9\tex\latex\graphics\key
val.sty"
Package: keyval 2014/10/28 v1.15 key=value parser (DPC)
\KV@toks@=\toks16
)
("C:\Users\Mark Roland\AppData\Local\Programs\MiKTeX 2.9\tex\generic\oberdiek\i
fpdf.sty"
Package: ifpdf 2011/01/30 v2.3 Provides the ifpdf switch (HO)
Package ifpdf Info: pdfTeX in PDF mode is detected.
)
("C:\Users\Mark Roland\AppData\Local\Programs\MiKTeX 2.9\tex\generic\oberdiek\i
fvtex.sty"
Package: ifvtex 2010/03/01 v1.5 Detect VTeX and its facilities (HO)
Package ifvtex Info: VTeX not detected.
)
("C:\Users\Mark Roland\AppData\Local\Programs\MiKTeX 2.9\tex\generic\ifxetex\if
xetex.sty"
Package: ifxetex 2010/09/12 v0.6 Provides ifxetex conditional
)
\Gm@cnth=\count88
\Gm@cntv=\count89
\c@Gm@tempcnt=\count90
\Gm@bindingoffset=\dimen104
\Gm@wd@mp=\dimen105
\Gm@odd@mp=\dimen106
\Gm@even@mp=\dimen107
\Gm@layoutwidth=\dimen108
\Gm@layoutheight=\dimen109
\Gm@layouthoffset=\dimen110
\Gm@layoutvoffset=\dimen111
\Gm@dimlist=\toks17

("C:\Users\Mark Roland\AppData\Local\Programs\MiKTeX 2.9\tex\latex\geometry\geo
metry.cfg"))
("C:\Users\Mark Roland\AppData\Local\Programs\MiKTeX 2.9\tex\latex\todonotes\to
donotes.sty"
Package: todonotes 2015/07/09 .dtx Todonotes source and documentation.
Package: todonotes 2012/07/25

("C:\Users\Mark Roland\AppData\Local\Programs\MiKTeX 2.9\tex\latex\base\ifthen.
sty"
Package: ifthen 2014/09/29 v1.1c Standard LaTeX ifthen package (DPC)
)
("C:\Users\Mark Roland\AppData\Local\Programs\MiKTeX 2.9\tex\latex\xkeyval\xkey
val.sty"
Package: xkeyval 2014/12/03 v2.7a package option processing (HA)

("C:\Users\Mark Roland\AppData\Local\Programs\MiKTeX 2.9\tex\generic\xkeyval\xk
eyval.tex"
("C:\Users\Mark Roland\AppData\Local\Programs\MiKTeX 2.9\tex\generic\xkeyval\xk
vutils.tex"
\XKV@toks=\toks18
\XKV@tempa@toks=\toks19
)
\XKV@depth=\count91
File: xkeyval.tex 2014/12/03 v2.7a key=value parser (HA)
))
("C:\Users\Mark Roland\AppData\Local\Programs\MiKTeX 2.9\tex\latex\xcolor\xcolo
r.sty"
Package: xcolor 2007/01/21 v2.11 LaTeX color extensions (UK)

("C:\Users\Mark Roland\AppData\Local\Programs\MiKTeX 2.9\tex\latex\00miktex\col
or.cfg"
File: color.cfg 2007/01/18 v1.5 color configuration of teTeX/TeXLive
)
Package xcolor Info: Driver file: pdftex.def on input line 225.

("C:\Users\Mark Roland\AppData\Local\Programs\MiKTeX 2.9\tex\latex\pdftex-def\p
dftex.def"
File: pdftex.def 2011/05/27 v0.06d Graphics/color for pdfTeX

("C:\Users\Mark Roland\AppData\Local\Programs\MiKTeX 2.9\tex\generic\oberdiek\i
nfwarerr.sty"
Package: infwarerr 2010/04/08 v1.3 Providing info/warning/error messages (HO)
)
("C:\Users\Mark Roland\AppData\Local\Programs\MiKTeX 2.9\tex\generic\oberdiek\l
txcmds.sty"
Package: ltxcmds 2011/11/09 v1.22 LaTeX kernel commands for general use (HO)
)
\Gread@gobject=\count92
)
Package xcolor Info: Model `cmy' substituted by `cmy0' on input line 1337.
Package xcolor Info: Model `hsb' substituted by `rgb' on input line 1341.
Package xcolor Info: Model `RGB' extended on input line 1353.
Package xcolor Info: Model `HTML' substituted by `rgb' on input line 1355.
Package xcolor Info: Model `Hsb' substituted by `hsb' on input line 1356.
Package xcolor Info: Model `tHsb' substituted by `hsb' on input line 1357.
Package xcolor Info: Model `HSB' substituted by `hsb' on input line 1358.
Package xcolor Info: Model `Gray' substituted by `gray' on input line 1359.
Package xcolor Info: Model `wave' substituted by `hsb' on input line 1360.
)
("C:\Users\Mark Roland\AppData\Local\Programs\MiKTeX 2.9\tex\latex\pgf\frontend
layer\tikz.sty"
("C:\Users\Mark Roland\AppData\Local\Programs\MiKTeX 2.9\tex\latex\pgf\basiclay
er\pgf.sty"
("C:\Users\Mark Roland\AppData\Local\Programs\MiKTeX 2.9\tex\latex\pgf\utilitie
s\pgfrcs.sty"
("C:\Users\Mark Roland\AppData\Local\Programs\MiKTeX 2.9\tex\generic\pgf\utilit
ies\pgfutil-common.tex"
\pgfutil@everybye=\toks20
\pgfutil@tempdima=\dimen112
\pgfutil@tempdimb=\dimen113

("C:\Users\Mark Roland\AppData\Local\Programs\MiKTeX 2.9\tex\generic\pgf\utilit
ies\pgfutil-common-lists.tex"))
("C:\Users\Mark Roland\AppData\Local\Programs\MiKTeX 2.9\tex\generic\pgf\utilit
ies\pgfutil-latex.def"
\pgfutil@abb=\box26

("C:\Users\Mark Roland\AppData\Local\Programs\MiKTeX 2.9\tex\latex\ms\everyshi.
sty"
Package: everyshi 2001/05/15 v3.00 EveryShipout Package (MS)
))
("C:\Users\Mark Roland\AppData\Local\Programs\MiKTeX 2.9\tex\generic\pgf\utilit
ies\pgfrcs.code.tex"
Package: pgfrcs 2015/08/07 v3.0.1a (rcs-revision 1.31)
))
Package: pgf 2015/08/07 v3.0.1a (rcs-revision 1.15)

("C:\Users\Mark Roland\AppData\Local\Programs\MiKTeX 2.9\tex\latex\pgf\basiclay
er\pgfcore.sty"
("C:\Users\Mark Roland\AppData\Local\Programs\MiKTeX 2.9\tex\latex\graphics\gra
phicx.sty"
Package: graphicx 2014/10/28 v1.0g Enhanced LaTeX Graphics (DPC,SPQR)

("C:\Users\Mark Roland\AppData\Local\Programs\MiKTeX 2.9\tex\latex\graphics\gra
phics.sty"
Package: graphics 2014/10/28 v1.0p Standard LaTeX Graphics (DPC,SPQR)

("C:\Users\Mark Roland\AppData\Local\Programs\MiKTeX 2.9\tex\latex\graphics\tri
g.sty"
Package: trig 1999/03/16 v1.09 sin cos tan (DPC)
)
("C:\Users\Mark Roland\AppData\Local\Programs\MiKTeX 2.9\tex\latex\00miktex\gra
phics.cfg"
File: graphics.cfg 2007/01/18 v1.5 graphics configuration of teTeX/TeXLive
)
Package graphics Info: Driver file: pdftex.def on input line 94.
)
\Gin@req@height=\dimen114
\Gin@req@width=\dimen115
)
("C:\Users\Mark Roland\AppData\Local\Programs\MiKTeX 2.9\tex\latex\pgf\systemla
yer\pgfsys.sty"
("C:\Users\Mark Roland\AppData\Local\Programs\MiKTeX 2.9\tex\generic\pgf\system
layer\pgfsys.code.tex"
Package: pgfsys 2014/07/09 v3.0.1a (rcs-revision 1.48)

("C:\Users\Mark Roland\AppData\Local\Programs\MiKTeX 2.9\tex\generic\pgf\utilit
ies\pgfkeys.code.tex"
\pgfkeys@pathtoks=\toks21
\pgfkeys@temptoks=\toks22

("C:\Users\Mark Roland\AppData\Local\Programs\MiKTeX 2.9\tex\generic\pgf\utilit
ies\pgfkeysfiltered.code.tex"
\pgfkeys@tmptoks=\toks23
))
\pgf@x=\dimen116
\pgf@y=\dimen117
\pgf@xa=\dimen118
\pgf@ya=\dimen119
\pgf@xb=\dimen120
\pgf@yb=\dimen121
\pgf@xc=\dimen122
\pgf@yc=\dimen123
\w@pgf@writea=\write3
\r@pgf@reada=\read1
\c@pgf@counta=\count93
\c@pgf@countb=\count94
\c@pgf@countc=\count95
\c@pgf@countd=\count96
\t@pgf@toka=\toks24
\t@pgf@tokb=\toks25
\t@pgf@tokc=\toks26

("C:\Users\Mark Roland\AppData\Local\Programs\MiKTeX 2.9\tex\generic\pgf\system
layer\pgf.cfg"
File: pgf.cfg 2008/05/14  (rcs-revision 1.7)
)
Driver file for pgf: pgfsys-pdftex.def

("C:\Users\Mark Roland\AppData\Local\Programs\MiKTeX 2.9\tex\generic\pgf\system
layer\pgfsys-pdftex.def"
File: pgfsys-pdftex.def 2014/10/11  (rcs-revision 1.35)

("C:\Users\Mark Roland\AppData\Local\Programs\MiKTeX 2.9\tex\generic\pgf\system
layer\pgfsys-common-pdf.def"
File: pgfsys-common-pdf.def 2013/10/10  (rcs-revision 1.13)
)))
("C:\Users\Mark Roland\AppData\Local\Programs\MiKTeX 2.9\tex\generic\pgf\system
layer\pgfsyssoftpath.code.tex"
File: pgfsyssoftpath.code.tex 2013/09/09  (rcs-revision 1.9)
\pgfsyssoftpath@smallbuffer@items=\count97
\pgfsyssoftpath@bigbuffer@items=\count98
)
("C:\Users\Mark Roland\AppData\Local\Programs\MiKTeX 2.9\tex\generic\pgf\system
layer\pgfsysprotocol.code.tex"
File: pgfsysprotocol.code.tex 2006/10/16  (rcs-revision 1.4)
))
("C:\Users\Mark Roland\AppData\Local\Programs\MiKTeX 2.9\tex\generic\pgf\basicl
ayer\pgfcore.code.tex"
Package: pgfcore 2010/04/11 v3.0.1a (rcs-revision 1.7)

("C:\Users\Mark Roland\AppData\Local\Programs\MiKTeX 2.9\tex\generic\pgf\math\p
gfmath.code.tex"
("C:\Users\Mark Roland\AppData\Local\Programs\MiKTeX 2.9\tex\generic\pgf\math\p
gfmathcalc.code.tex"
("C:\Users\Mark Roland\AppData\Local\Programs\MiKTeX 2.9\tex\generic\pgf\math\p
gfmathutil.code.tex")
("C:\Users\Mark Roland\AppData\Local\Programs\MiKTeX 2.9\tex\generic\pgf\math\p
gfmathparser.code.tex"
\pgfmath@dimen=\dimen124
\pgfmath@count=\count99
\pgfmath@box=\box27
\pgfmath@toks=\toks27
\pgfmath@stack@operand=\toks28
\pgfmath@stack@operation=\toks29
)
("C:\Users\Mark Roland\AppData\Local\Programs\MiKTeX 2.9\tex\generic\pgf\math\p
gfmathfunctions.code.tex"
("C:\Users\Mark Roland\AppData\Local\Programs\MiKTeX 2.9\tex\generic\pgf\math\p
gfmathfunctions.basic.code.tex")
("C:\Users\Mark Roland\AppData\Local\Programs\MiKTeX 2.9\tex\generic\pgf\math\p
gfmathfunctions.trigonometric.code.tex")
("C:\Users\Mark Roland\AppData\Local\Programs\MiKTeX 2.9\tex\generic\pgf\math\p
gfmathfunctions.random.code.tex")
("C:\Users\Mark Roland\AppData\Local\Programs\MiKTeX 2.9\tex\generic\pgf\math\p
gfmathfunctions.comparison.code.tex")
("C:\Users\Mark Roland\AppData\Local\Programs\MiKTeX 2.9\tex\generic\pgf\math\p
gfmathfunctions.base.code.tex")
("C:\Users\Mark Roland\AppData\Local\Programs\MiKTeX 2.9\tex\generic\pgf\math\p
gfmathfunctions.round.code.tex")
("C:\Users\Mark Roland\AppData\Local\Programs\MiKTeX 2.9\tex\generic\pgf\math\p
gfmathfunctions.misc.code.tex")
("C:\Users\Mark Roland\AppData\Local\Programs\MiKTeX 2.9\tex\generic\pgf\math\p
gfmathfunctions.integerarithmetics.code.tex")))
("C:\Users\Mark Roland\AppData\Local\Programs\MiKTeX 2.9\tex\generic\pgf\math\p
gfmathfloat.code.tex"
\c@pgfmathroundto@lastzeros=\count100
))
("C:\Users\Mark Roland\AppData\Local\Programs\MiKTeX 2.9\tex\generic\pgf\basicl
ayer\pgfcorepoints.code.tex"
File: pgfcorepoints.code.tex 2013/10/07  (rcs-revision 1.27)
\pgf@picminx=\dimen125
\pgf@picmaxx=\dimen126
\pgf@picminy=\dimen127
\pgf@picmaxy=\dimen128
\pgf@pathminx=\dimen129
\pgf@pathmaxx=\dimen130
\pgf@pathminy=\dimen131
\pgf@pathmaxy=\dimen132
\pgf@xx=\dimen133
\pgf@xy=\dimen134
\pgf@yx=\dimen135
\pgf@yy=\dimen136
\pgf@zx=\dimen137
\pgf@zy=\dimen138
)
("C:\Users\Mark Roland\AppData\Local\Programs\MiKTeX 2.9\tex\generic\pgf\basicl
ayer\pgfcorepathconstruct.code.tex"
File: pgfcorepathconstruct.code.tex 2013/10/07  (rcs-revision 1.29)
\pgf@path@lastx=\dimen139
\pgf@path@lasty=\dimen140
)
("C:\Users\Mark Roland\AppData\Local\Programs\MiKTeX 2.9\tex\generic\pgf\basicl
ayer\pgfcorepathusage.code.tex"
File: pgfcorepathusage.code.tex 2014/11/02  (rcs-revision 1.24)
\pgf@shorten@end@additional=\dimen141
\pgf@shorten@start@additional=\dimen142
)
("C:\Users\Mark Roland\AppData\Local\Programs\MiKTeX 2.9\tex\generic\pgf\basicl
ayer\pgfcorescopes.code.tex"
File: pgfcorescopes.code.tex 2015/05/08  (rcs-revision 1.46)
\pgfpic=\box28
\pgf@hbox=\box29
\pgf@layerbox@main=\box30
\pgf@picture@serial@count=\count101
)
("C:\Users\Mark Roland\AppData\Local\Programs\MiKTeX 2.9\tex\generic\pgf\basicl
ayer\pgfcoregraphicstate.code.tex"
File: pgfcoregraphicstate.code.tex 2014/11/02  (rcs-revision 1.12)
\pgflinewidth=\dimen143
)
("C:\Users\Mark Roland\AppData\Local\Programs\MiKTeX 2.9\tex\generic\pgf\basicl
ayer\pgfcoretransformations.code.tex"
File: pgfcoretransformations.code.tex 2015/08/07  (rcs-revision 1.20)
\pgf@pt@x=\dimen144
\pgf@pt@y=\dimen145
\pgf@pt@temp=\dimen146
)
("C:\Users\Mark Roland\AppData\Local\Programs\MiKTeX 2.9\tex\generic\pgf\basicl
ayer\pgfcorequick.code.tex"
File: pgfcorequick.code.tex 2008/10/09  (rcs-revision 1.3)
)
("C:\Users\Mark Roland\AppData\Local\Programs\MiKTeX 2.9\tex\generic\pgf\basicl
ayer\pgfcoreobjects.code.tex"
File: pgfcoreobjects.code.tex 2006/10/11  (rcs-revision 1.2)
)
("C:\Users\Mark Roland\AppData\Local\Programs\MiKTeX 2.9\tex\generic\pgf\basicl
ayer\pgfcorepathprocessing.code.tex"
File: pgfcorepathprocessing.code.tex 2013/09/09  (rcs-revision 1.9)
)
("C:\Users\Mark Roland\AppData\Local\Programs\MiKTeX 2.9\tex\generic\pgf\basicl
ayer\pgfcorearrows.code.tex"
File: pgfcorearrows.code.tex 2015/05/14  (rcs-revision 1.43)
\pgfarrowsep=\dimen147
)
("C:\Users\Mark Roland\AppData\Local\Programs\MiKTeX 2.9\tex\generic\pgf\basicl
ayer\pgfcoreshade.code.tex"
File: pgfcoreshade.code.tex 2013/07/15  (rcs-revision 1.15)
\pgf@max=\dimen148
\pgf@sys@shading@range@num=\count102
)
("C:\Users\Mark Roland\AppData\Local\Programs\MiKTeX 2.9\tex\generic\pgf\basicl
ayer\pgfcoreimage.code.tex"
File: pgfcoreimage.code.tex 2013/07/15  (rcs-revision 1.18)

("C:\Users\Mark Roland\AppData\Local\Programs\MiKTeX 2.9\tex\generic\pgf\basicl
ayer\pgfcoreexternal.code.tex"
File: pgfcoreexternal.code.tex 2014/07/09  (rcs-revision 1.21)
\pgfexternal@startupbox=\box31
))
("C:\Users\Mark Roland\AppData\Local\Programs\MiKTeX 2.9\tex\generic\pgf\basicl
ayer\pgfcorelayers.code.tex"
File: pgfcorelayers.code.tex 2013/07/18  (rcs-revision 1.7)
)
("C:\Users\Mark Roland\AppData\Local\Programs\MiKTeX 2.9\tex\generic\pgf\basicl
ayer\pgfcoretransparency.code.tex"
File: pgfcoretransparency.code.tex 2013/09/30  (rcs-revision 1.5)
)
("C:\Users\Mark Roland\AppData\Local\Programs\MiKTeX 2.9\tex\generic\pgf\basicl
ayer\pgfcorepatterns.code.tex"
File: pgfcorepatterns.code.tex 2013/11/07  (rcs-revision 1.5)
)))
("C:\Users\Mark Roland\AppData\Local\Programs\MiKTeX 2.9\tex\generic\pgf\module
s\pgfmoduleshapes.code.tex"
File: pgfmoduleshapes.code.tex 2014/03/21  (rcs-revision 1.35)
\pgfnodeparttextbox=\box32
)
("C:\Users\Mark Roland\AppData\Local\Programs\MiKTeX 2.9\tex\generic\pgf\module
s\pgfmoduleplot.code.tex"
File: pgfmoduleplot.code.tex 2015/08/03  (rcs-revision 1.13)
)
("C:\Users\Mark Roland\AppData\Local\Programs\MiKTeX 2.9\tex\latex\pgf\compatib
ility\pgfcomp-version-0-65.sty"
Package: pgfcomp-version-0-65 2007/07/03 v3.0.1a (rcs-revision 1.7)
\pgf@nodesepstart=\dimen149
\pgf@nodesepend=\dimen150
)
("C:\Users\Mark Roland\AppData\Local\Programs\MiKTeX 2.9\tex\latex\pgf\compatib
ility\pgfcomp-version-1-18.sty"
Package: pgfcomp-version-1-18 2007/07/23 v3.0.1a (rcs-revision 1.1)
))
("C:\Users\Mark Roland\AppData\Local\Programs\MiKTeX 2.9\tex\latex\pgf\utilitie
s\pgffor.sty"
("C:\Users\Mark Roland\AppData\Local\Programs\MiKTeX 2.9\tex\latex\pgf\utilitie
s\pgfkeys.sty"
("C:\Users\Mark Roland\AppData\Local\Programs\MiKTeX 2.9\tex\generic\pgf\utilit
ies\pgfkeys.code.tex"))
("C:\Users\Mark Roland\AppData\Local\Programs\MiKTeX 2.9\tex\latex\pgf\math\pgf
math.sty"
("C:\Users\Mark Roland\AppData\Local\Programs\MiKTeX 2.9\tex\generic\pgf\math\p
gfmath.code.tex"))
("C:\Users\Mark Roland\AppData\Local\Programs\MiKTeX 2.9\tex\generic\pgf\utilit
ies\pgffor.code.tex"
Package: pgffor 2013/12/13 v3.0.1a (rcs-revision 1.25)

("C:\Users\Mark Roland\AppData\Local\Programs\MiKTeX 2.9\tex\generic\pgf\math\p
gfmath.code.tex")
\pgffor@iter=\dimen151
\pgffor@skip=\dimen152
\pgffor@stack=\toks30
\pgffor@toks=\toks31
))
("C:\Users\Mark Roland\AppData\Local\Programs\MiKTeX 2.9\tex\generic\pgf\fronte
ndlayer\tikz\tikz.code.tex"
Package: tikz 2015/08/07 v3.0.1a (rcs-revision 1.151)

("C:\Users\Mark Roland\AppData\Local\Programs\MiKTeX 2.9\tex\generic\pgf\librar
ies\pgflibraryplothandlers.code.tex"
File: pgflibraryplothandlers.code.tex 2013/08/31 v3.0.1a (rcs-revision 1.20)
\pgf@plot@mark@count=\count103
\pgfplotmarksize=\dimen153
)
\tikz@lastx=\dimen154
\tikz@lasty=\dimen155
\tikz@lastxsaved=\dimen156
\tikz@lastysaved=\dimen157
\tikzleveldistance=\dimen158
\tikzsiblingdistance=\dimen159
\tikz@figbox=\box33
\tikz@figbox@bg=\box34
\tikz@tempbox=\box35
\tikz@tempbox@bg=\box36
\tikztreelevel=\count104
\tikznumberofchildren=\count105
\tikznumberofcurrentchild=\count106
\tikz@fig@count=\count107

("C:\Users\Mark Roland\AppData\Local\Programs\MiKTeX 2.9\tex\generic\pgf\module
s\pgfmodulematrix.code.tex"
File: pgfmodulematrix.code.tex 2013/09/17  (rcs-revision 1.8)
\pgfmatrixcurrentrow=\count108
\pgfmatrixcurrentcolumn=\count109
\pgf@matrix@numberofcolumns=\count110
)
\tikz@expandcount=\count111

("C:\Users\Mark Roland\AppData\Local\Programs\MiKTeX 2.9\tex\generic\pgf\fronte
ndlayer\tikz\libraries\tikzlibrarytopaths.code.tex"
File: tikzlibrarytopaths.code.tex 2008/06/17 v3.0.1a (rcs-revision 1.2)
)))
("C:\Users\Mark Roland\AppData\Local\Programs\MiKTeX 2.9\tex\generic\pgf\fronte
ndlayer\tikz\libraries\tikzlibrarypositioning.code.tex"
File: tikzlibrarypositioning.code.tex 2008/10/06 v3.0.1a (rcs-revision 1.7)
)
("C:\Users\Mark Roland\AppData\Local\Programs\MiKTeX 2.9\tex\latex\tools\calc.s
ty"
Package: calc 2014/10/28 v4.3 Infix arithmetic (KKT,FJ)
\calc@Acount=\count112
\calc@Bcount=\count113
\calc@Adimen=\dimen160
\calc@Bdimen=\dimen161
\calc@Askip=\skip43
\calc@Bskip=\skip44
LaTeX Info: Redefining \setlength on input line 80.
LaTeX Info: Redefining \addtolength on input line 81.
\calc@Ccount=\count114
\calc@Cskip=\skip45
)
\c@@todonotes@numberoftodonotes=\count115
)
("C:\Users\Mark Roland\AppData\Local\Programs\MiKTeX 2.9\tex\latex\caption\capt
ion.sty"
Package: caption 2016/02/21 v3.3-144 Customizing captions (AR)

("C:\Users\Mark Roland\AppData\Local\Programs\MiKTeX 2.9\tex\latex\caption\capt
ion3.sty"
Package: caption3 2016/05/22 v1.7-166 caption3 kernel (AR)
Package caption3 Info: TeX engine: e-TeX on input line 67.
\captionmargin=\dimen162
\captionmargin@=\dimen163
\captionwidth=\dimen164
\caption@tempdima=\dimen165
\caption@indent=\dimen166
\caption@parindent=\dimen167
\caption@hangindent=\dimen168
)
\c@ContinuedFloat=\count116
)
("C:\Users\Mark Roland\AppData\Local\Programs\MiKTeX 2.9\tex\latex\wrapfig\wrap
fig.sty"
\wrapoverhang=\dimen169
\WF@size=\dimen170
\c@WF@wrappedlines=\count117
\WF@box=\box37
\WF@everypar=\toks32
Package: wrapfig 2003/01/31  v 3.6
)
("C:\Users\Mark Roland\AppData\Local\Programs\MiKTeX 2.9\tex\latex\hyperref\hyp
erref.sty"
Package: hyperref 2012/11/06 v6.83m Hypertext links for LaTeX

("C:\Users\Mark Roland\AppData\Local\Programs\MiKTeX 2.9\tex\generic\oberdiek\h
obsub-hyperref.sty"
Package: hobsub-hyperref 2012/04/25 v1.12 Bundle oberdiek, subset hyperref (HO)


("C:\Users\Mark Roland\AppData\Local\Programs\MiKTeX 2.9\tex\generic\oberdiek\h
obsub-generic.sty"
Package: hobsub-generic 2012/04/25 v1.12 Bundle oberdiek, subset generic (HO)
Package: hobsub 2012/04/25 v1.12 Construct package bundles (HO)
Package hobsub Info: Skipping package `infwarerr' (already loaded).
Package hobsub Info: Skipping package `ltxcmds' (already loaded).
Package: ifluatex 2010/03/01 v1.3 Provides the ifluatex switch (HO)
Package ifluatex Info: LuaTeX not detected.
Package hobsub Info: Skipping package `ifvtex' (already loaded).
Package: intcalc 2007/09/27 v1.1 Expandable calculations with integers (HO)
Package hobsub Info: Skipping package `ifpdf' (already loaded).
Package: etexcmds 2011/02/16 v1.5 Avoid name clashes with e-TeX commands (HO)
Package etexcmds Info: Could not find \expanded.
(etexcmds)             That can mean that you are not using pdfTeX 1.50 or
(etexcmds)             that some package has redefined \expanded.
(etexcmds)             In the latter case, load this package earlier.
Package: kvsetkeys 2012/04/25 v1.16 Key value parser (HO)
Package: kvdefinekeys 2011/04/07 v1.3 Define keys (HO)
Package: pdftexcmds 2011/11/29 v0.20 Utility functions of pdfTeX for LuaTeX (HO
)
Package pdftexcmds Info: LuaTeX not detected.
Package pdftexcmds Info: \pdf@primitive is available.
Package pdftexcmds Info: \pdf@ifprimitive is available.
Package pdftexcmds Info: \pdfdraftmode found.
Package: pdfescape 2011/11/25 v1.13 Implements pdfTeX's escape features (HO)
Package: bigintcalc 2012/04/08 v1.3 Expandable calculations on big integers (HO
)
Package: bitset 2011/01/30 v1.1 Handle bit-vector datatype (HO)
Package: uniquecounter 2011/01/30 v1.2 Provide unlimited unique counter (HO)
)
Package hobsub Info: Skipping package `hobsub' (already loaded).
Package: letltxmacro 2010/09/02 v1.4 Let assignment for LaTeX macros (HO)
Package: hopatch 2011/06/24 v1.1 Wrapper for package hooks (HO)
Package: xcolor-patch 2011/01/30 xcolor patch
Package: atveryend 2011/06/30 v1.8 Hooks at the very end of document (HO)
Package atveryend Info: \enddocument detected (standard20110627).
Package: atbegshi 2011/10/05 v1.16 At begin shipout hook (HO)
Package: refcount 2011/10/16 v3.4 Data extraction from label references (HO)
Package: hycolor 2011/01/30 v1.7 Color options for hyperref/bookmark (HO)
)
("C:\Users\Mark Roland\AppData\Local\Programs\MiKTeX 2.9\tex\latex\oberdiek\aux
hook.sty"
Package: auxhook 2011/03/04 v1.3 Hooks for auxiliary files (HO)
)
("C:\Users\Mark Roland\AppData\Local\Programs\MiKTeX 2.9\tex\latex\oberdiek\kvo
ptions.sty"
Package: kvoptions 2011/06/30 v3.11 Key value format for package options (HO)
)
\@linkdim=\dimen171
\Hy@linkcounter=\count118
\Hy@pagecounter=\count119

("C:\Users\Mark Roland\AppData\Local\Programs\MiKTeX 2.9\tex\latex\hyperref\pd1
enc.def"
File: pd1enc.def 2012/11/06 v6.83m Hyperref: PDFDocEncoding definition (HO)
Now handling font encoding PD1 ...
... no UTF-8 mapping file for font encoding PD1
)
\Hy@SavedSpaceFactor=\count120

("C:\Users\Mark Roland\AppData\Local\Programs\MiKTeX 2.9\tex\latex\00miktex\hyp
erref.cfg"
File: hyperref.cfg 2002/06/06 v1.2 hyperref configuration of TeXLive
)
Package hyperref Info: Hyper figures OFF on input line 4443.
Package hyperref Info: Link nesting OFF on input line 4448.
Package hyperref Info: Hyper index ON on input line 4451.
Package hyperref Info: Plain pages OFF on input line 4458.
Package hyperref Info: Backreferencing OFF on input line 4463.
Package hyperref Info: Implicit mode ON; LaTeX internals redefined.
Package hyperref Info: Bookmarks ON on input line 4688.
\c@Hy@tempcnt=\count121

("C:\Users\Mark Roland\AppData\Local\Programs\MiKTeX 2.9\tex\latex\url\url.sty"
\Urlmuskip=\muskip10
Package: url 2013/09/16  ver 3.4  Verb mode for urls, etc.
)
LaTeX Info: Redefining \url on input line 5041.
\XeTeXLinkMargin=\dimen172
\Fld@menulength=\count122
\Field@Width=\dimen173
\Fld@charsize=\dimen174
Package hyperref Info: Hyper figures OFF on input line 6295.
Package hyperref Info: Link nesting OFF on input line 6300.
Package hyperref Info: Hyper index ON on input line 6303.
Package hyperref Info: backreferencing OFF on input line 6310.
Package hyperref Info: Link coloring OFF on input line 6315.
Package hyperref Info: Link coloring with OCG OFF on input line 6320.
Package hyperref Info: PDF/A mode OFF on input line 6325.
LaTeX Info: Redefining \ref on input line 6365.
LaTeX Info: Redefining \pageref on input line 6369.
\Hy@abspage=\count123
\c@Item=\count124
\c@Hfootnote=\count125
)

Package hyperref Message: Driver (autodetected): hpdftex.


("C:\Users\Mark Roland\AppData\Local\Programs\MiKTeX 2.9\tex\latex\hyperref\hpd
ftex.def"
File: hpdftex.def 2012/11/06 v6.83m Hyperref driver for pdfTeX
\Fld@listcount=\count126
\c@bookmark@seq@number=\count127

("C:\Users\Mark Roland\AppData\Local\Programs\MiKTeX 2.9\tex\latex\oberdiek\rer
unfilecheck.sty"
Package: rerunfilecheck 2011/04/15 v1.7 Rerun checks for auxiliary files (HO)
Package uniquecounter Info: New unique counter `rerunfilecheck' on input line 2
82.
)
\Hy@SectionHShift=\skip46
)
Package hyperref Info: Option `colorlinks' set `false' on input line 16.

("C:\Users\Mark Roland\AppData\Local\Programs\MiKTeX 2.9\tex\latex\amsmath\amsm
ath.sty"
Package: amsmath 2013/01/14 v2.14 AMS math features
\@mathmargin=\skip47

For additional information on amsmath, use the `?' option.

("C:\Users\Mark Roland\AppData\Local\Programs\MiKTeX 2.9\tex\latex\amsmath\amst
ext.sty"
Package: amstext 2000/06/29 v2.01

("C:\Users\Mark Roland\AppData\Local\Programs\MiKTeX 2.9\tex\latex\amsmath\amsg
en.sty"
File: amsgen.sty 1999/11/30 v2.0
\@emptytoks=\toks33
\ex@=\dimen175
))
("C:\Users\Mark Roland\AppData\Local\Programs\MiKTeX 2.9\tex\latex\amsmath\amsb
sy.sty"
Package: amsbsy 1999/11/29 v1.2d
\pmbraise@=\dimen176
)
("C:\Users\Mark Roland\AppData\Local\Programs\MiKTeX 2.9\tex\latex\amsmath\amso
pn.sty"
Package: amsopn 1999/12/14 v2.01 operator names
)
\inf@bad=\count128
LaTeX Info: Redefining \frac on input line 210.
\uproot@=\count129
\leftroot@=\count130
LaTeX Info: Redefining \overline on input line 306.
\classnum@=\count131
\DOTSCASE@=\count132
LaTeX Info: Redefining \ldots on input line 378.
LaTeX Info: Redefining \dots on input line 381.
LaTeX Info: Redefining \cdots on input line 466.
\Mathstrutbox@=\box38
\strutbox@=\box39
\big@size=\dimen177
LaTeX Font Info:    Redeclaring font encoding OML on input line 566.
LaTeX Font Info:    Redeclaring font encoding OMS on input line 567.
\macc@depth=\count133
\c@MaxMatrixCols=\count134
\dotsspace@=\muskip11
\c@parentequation=\count135
\dspbrk@lvl=\count136
\tag@help=\toks34
\row@=\count137
\column@=\count138
\maxfields@=\count139
\andhelp@=\toks35
\eqnshift@=\dimen178
\alignsep@=\dimen179
\tagshift@=\dimen180
\tagwidth@=\dimen181
\totwidth@=\dimen182
\lineht@=\dimen183
\@envbody=\toks36
\multlinegap=\skip48
\multlinetaggap=\skip49
\mathdisplay@stack=\toks37
LaTeX Info: Redefining \[ on input line 2665.
LaTeX Info: Redefining \] on input line 2666.
)
("C:\Users\Mark Roland\AppData\Local\Programs\MiKTeX 2.9\tex\latex\amsfonts\ams
fonts.sty"
Package: amsfonts 2013/01/14 v3.01 Basic AMSFonts support
\symAMSa=\mathgroup4
\symAMSb=\mathgroup5
LaTeX Font Info:    Overwriting math alphabet `\mathfrak' in version `bold'
(Font)                  U/euf/m/n --> U/euf/b/n on input line 106.
)
("C:\Users\Mark Roland\AppData\Local\Programs\MiKTeX 2.9\tex\latex\mathtools\ma
thtools.sty"
Package: mathtools 2015/11/12 v1.18 mathematical typesetting tools

("C:\Users\Mark Roland\AppData\Local\Programs\MiKTeX 2.9\tex\latex\mathtools\mh
setup.sty"
Package: mhsetup 2010/01/21 v1.2a programming setup (MH)
)
LaTeX Info: Thecontrolsequence`\('isalreadyrobust on input line 129.
LaTeX Info: Thecontrolsequence`\)'isalreadyrobust on input line 129.
LaTeX Info: Thecontrolsequence`\['isalreadyrobust on input line 129.
LaTeX Info: Thecontrolsequence`\]'isalreadyrobust on input line 129.
\g_MT_multlinerow_int=\count140
\l_MT_multwidth_dim=\dimen184
\origjot=\skip50
\l_MT_shortvdotswithinadjustabove_dim=\dimen185
\l_MT_shortvdotswithinadjustbelow_dim=\dimen186
\l_MT_above_intertext_sep=\dimen187
\l_MT_below_intertext_sep=\dimen188
\l_MT_above_shortintertext_sep=\dimen189
\l_MT_below_shortintertext_sep=\dimen190
)
("C:\Users\Mark Roland\AppData\Local\Programs\MiKTeX 2.9\tex\latex\csquotes\csq
uotes.sty"
Package: csquotes 2016/07/14 v5.1h context-sensitive quotations (JAW)

("C:\Users\Mark Roland\AppData\Local\Programs\MiKTeX 2.9\tex\latex\etoolbox\eto
olbox.sty"
Package: etoolbox 2015/08/02 v2.2a e-TeX tools for LaTeX (JAW)
\etb@tempcnta=\count141
)
\csq@reset=\count142
\csq@gtype=\count143
\csq@glevel=\count144
\csq@qlevel=\count145
\csq@maxlvl=\count146
\csq@tshold=\count147
\csq@ltx@everypar=\toks38

("C:\Users\Mark Roland\AppData\Local\Programs\MiKTeX 2.9\tex\latex\csquotes\csq
uotes.def"
File: csquotes.def 2016/07/14 v5.1h csquotes generic definitions (JAW)
)
Package csquotes Info: Trying to load configuration file 'csquotes.cfg'...
Package csquotes Info: ... configuration file loaded successfully.

("C:\Users\Mark Roland\AppData\Local\Programs\MiKTeX 2.9\tex\latex\csquotes\csq
uotes.cfg"
File: csquotes.cfg 
))
("C:\Users\Mark Roland\AppData\Local\Programs\MiKTeX 2.9\tex\latex\appendix\app
endix.sty"
Package: appendix 2009/09/02 v1.2b extra appendix facilities
\c@@pps=\count148
\c@@ppsavesec=\count149
\c@@ppsaveapp=\count150
)
("C:\Users\Mark Roland\AppData\Local\Programs\MiKTeX 2.9\tex\latex\pdfpages\pdf
pages.sty"
Package: pdfpages 2016/04/19 v0.5f Insert pages of external PDF documents (AM)

("C:\Users\Mark Roland\AppData\Local\Programs\MiKTeX 2.9\tex\latex\eso-pic\eso-
pic.sty"
Package: eso-pic 2015/07/21 v2.0g eso-pic (RN)
)
\AM@pagewidth=\dimen191
\AM@pageheight=\dimen192

("C:\Users\Mark Roland\AppData\Local\Programs\MiKTeX 2.9\tex\latex\pdfpages\ppp
dftex.def"
File: pppdftex.def 2016/04/19 v0.5f Pdfpages driver for pdfTeX (AM)
)
\AM@pagebox=\box40
\AM@global@opts=\toks39
\AM@toc@title=\toks40
\c@AM@survey=\count151
\AM@templatesizebox=\box41
)
("C:\Users\Mark Roland\AppData\Local\Programs\MiKTeX 2.9\tex\latex\algorithms\a
lgorithm.sty"
Package: algorithm 2009/08/24 v0.1 Document Style `algorithm' - floating enviro
nment

("C:\Users\Mark Roland\AppData\Local\Programs\MiKTeX 2.9\tex\latex\float\float.
sty"
Package: float 2001/11/08 v1.3d Float enhancements (AL)
\c@float@type=\count152
\float@exts=\toks41
\float@box=\box42
\@float@everytoks=\toks42
\@floatcapt=\box43
)
\@float@every@algorithm=\toks43
\c@algorithm=\count153
)
("C:\Users\Mark Roland\AppData\Local\Programs\MiKTeX 2.9\tex\latex\algorithmicx
\algpseudocode.sty"
Package: algpseudocode 

("C:\Users\Mark Roland\AppData\Local\Programs\MiKTeX 2.9\tex\latex\algorithmicx
\algorithmicx.sty"
Package: algorithmicx 2005/04/27 v1.2 Algorithmicx

Document Style algorithmicx 1.2 - a greatly improved `algorithmic' style
\c@ALG@line=\count154
\c@ALG@rem=\count155
\c@ALG@nested=\count156
\ALG@tlm=\skip51
\ALG@thistlm=\skip52
\c@ALG@Lnr=\count157
\c@ALG@blocknr=\count158
\c@ALG@storecount=\count159
\c@ALG@tmpcounter=\count160
\ALG@tmplength=\skip53
)
Document Style - pseudocode environments for use with the `algorithmicx' style
)
("C:\Users\Mark Roland\AppData\Local\Programs\MiKTeX 2.9\tex\latex\listings\lis
tings.sty"
\lst@mode=\count161
\lst@gtempboxa=\box44
\lst@token=\toks44
\lst@length=\count162
\lst@currlwidth=\dimen193
\lst@column=\count163
\lst@pos=\count164
\lst@lostspace=\dimen194
\lst@width=\dimen195
\lst@newlines=\count165
\lst@lineno=\count166
\lst@maxwidth=\dimen196

("C:\Users\Mark Roland\AppData\Local\Programs\MiKTeX 2.9\tex\latex\listings\lst
misc.sty"
File: lstmisc.sty 2015/06/04 1.6 (Carsten Heinz)
\c@lstnumber=\count167
\lst@skipnumbers=\count168
\lst@framebox=\box45
)
("C:\Users\Mark Roland\AppData\Local\Programs\MiKTeX 2.9\tex\latex\listings\lis
tings.cfg"
File: listings.cfg 2015/06/04 1.6 listings configuration
))
Package: listings 2015/06/04 1.6 (Carsten Heinz)

("C:\Users\Mark Roland\AppData\Local\Programs\MiKTeX 2.9\tex\latex\lipsum\lipsu
m.sty"
Package: lipsum 2014/07/27 v1.3 150 paragraphs of Lorem Ipsum dummy text
\c@lips@count=\count169
)
("C:\Users\Mark Roland\AppData\Local\Programs\MiKTeX 2.9\tex\latex\cleveref\cle
veref.sty"
Package: cleveref 2013/12/28 v0.19 Intelligent cross-referencing
Package cleveref Info: `hyperref' support loaded on input line 2230.
LaTeX Info: Redefining \cref on input line 2230.
LaTeX Info: Redefining \Cref on input line 2230.
LaTeX Info: Redefining \crefrange on input line 2230.
LaTeX Info: Redefining \Crefrange on input line 2230.
LaTeX Info: Redefining \cpageref on input line 2230.
LaTeX Info: Redefining \Cpageref on input line 2230.
LaTeX Info: Redefining \cpagerefrange on input line 2230.
LaTeX Info: Redefining \Cpagerefrange on input line 2230.
LaTeX Info: Redefining \labelcref on input line 2230.
LaTeX Info: Redefining \labelcpageref on input line 2230.
Package cleveref Info: `algorithmicx' support loaded on input line 2939.
Package cleveref Info: `listings' support loaded on input line 2950.
)
("C:\Users\Mark Roland\AppData\Local\Programs\MiKTeX 2.9\tex\latex\natbib\natbi
b.sty"
Package: natbib 2010/09/13 8.31b (PWD, AO)
\bibhang=\skip54
\bibsep=\skip55
LaTeX Info: Redefining \cite on input line 694.
\c@NAT@ctr=\count170
)
("C:\Users\Mark Roland\AppData\Local\Programs\MiKTeX 2.9\tex\latex\fancyhdr\fan
cyhdr.sty"
\fancy@headwidth=\skip56
\f@ncyO@elh=\skip57
\f@ncyO@erh=\skip58
\f@ncyO@olh=\skip59
\f@ncyO@orh=\skip60
\f@ncyO@elf=\skip61
\f@ncyO@erf=\skip62
\f@ncyO@olf=\skip63
\f@ncyO@orf=\skip64
)
("C:\Users\Mark Roland\AppData\Local\Programs\MiKTeX 2.9\tex\latex\lastpage\las
tpage.sty"
Package: lastpage 2015/03/29 v1.2m Refers to last page's name (HMM; JPG)
)
Package csquotes Info: Checking for multilingual support...
Package csquotes Info: ... found 'babel' package.
Package csquotes Info: Adjusting default style.
Package csquotes Info: Redefining alias 'default' -> 'english'.
 (texTemplate.aux)
\openout1 = `texTemplate.aux'.

LaTeX Font Info:    Checking defaults for OML/cmm/m/it on input line 73.
LaTeX Font Info:    ... okay on input line 73.
LaTeX Font Info:    Checking defaults for T1/cmr/m/n on input line 73.
LaTeX Font Info:    ... okay on input line 73.
LaTeX Font Info:    Checking defaults for OT1/cmr/m/n on input line 73.
LaTeX Font Info:    ... okay on input line 73.
LaTeX Font Info:    Checking defaults for OMS/cmsy/m/n on input line 73.
LaTeX Font Info:    ... okay on input line 73.
LaTeX Font Info:    Checking defaults for OMX/cmex/m/n on input line 73.
LaTeX Font Info:    ... okay on input line 73.
LaTeX Font Info:    Checking defaults for U/cmr/m/n on input line 73.
LaTeX Font Info:    ... okay on input line 73.
LaTeX Font Info:    Checking defaults for PD1/pdf/m/n on input line 73.
LaTeX Font Info:    ... okay on input line 73.

*geometry* driver: auto-detecting
*geometry* detected driver: pdftex
*geometry* verbose mode - [ preamble ] result:
* driver: pdftex
* paper: a4paper
* layout: <same size as paper>
* layoutoffset:(h,v)=(0.0pt,0.0pt)
* modes: 
* h-part:(L,W,R)=(71.13188pt, 455.24411pt, 71.13188pt)
* v-part:(T,H,B)=(71.13188pt, 702.78308pt, 71.13188pt)
* \paperwidth=597.50787pt
* \paperheight=845.04684pt
* \textwidth=455.24411pt
* \textheight=702.78308pt
* \oddsidemargin=-1.1381pt
* \evensidemargin=-1.1381pt
* \topmargin=-38.1381pt
* \headheight=12.0pt
* \headsep=25.0pt
* \topskip=12.0pt
* \footskip=30.0pt
* \marginparwidth=44.0pt
* \marginparsep=10.0pt
* \columnsep=10.0pt
* \skip\footins=10.8pt plus 4.0pt minus 2.0pt
* \hoffset=0.0pt
* \voffset=0.0pt
* \mag=1000
* \@twocolumnfalse
* \@twosidefalse
* \@mparswitchfalse
* \@reversemarginfalse
* (1in=72.27pt=25.4mm, 1cm=28.453pt)


("C:\Users\Mark Roland\AppData\Local\Programs\MiKTeX 2.9\tex\context\base\supp-
pdf.mkii"
[Loading MPS to PDF converter (version 2006.09.02).]
\scratchcounter=\count171
\scratchdimen=\dimen197
\scratchbox=\box46
\nofMPsegments=\count172
\nofMParguments=\count173
\everyMPshowfont=\toks45
\MPscratchCnt=\count174
\MPscratchDim=\dimen198
\MPnumerator=\count175
\makeMPintoPDFobject=\count176
\everyMPtoPDFconversion=\toks46
) ABD: EveryShipout initializing macros
Package caption Info: Begin \AtBeginDocument code.
Package caption Info: float package is loaded.
Package caption Info: hyperref package is loaded.
Package caption Info: listings package is loaded.
Package caption Info: wrapfig package is loaded.
Package caption Info: End \AtBeginDocument code.
\AtBeginShipoutBox=\box47
Package hyperref Info: Link coloring OFF on input line 73.

("C:\Users\Mark Roland\AppData\Local\Programs\MiKTeX 2.9\tex\latex\hyperref\nam
eref.sty"
Package: nameref 2012/10/27 v2.43 Cross-referencing by name of section

("C:\Users\Mark Roland\AppData\Local\Programs\MiKTeX 2.9\tex\generic\oberdiek\g
ettitlestring.sty"
Package: gettitlestring 2010/12/03 v1.4 Cleanup title references (HO)
)
\c@section@level=\count177
)
LaTeX Info: Redefining \ref on input line 73.
LaTeX Info: Redefining \pageref on input line 73.
LaTeX Info: Redefining \nameref on input line 73.
 (texTemplate.out) (texTemplate.out)
\@outlinefile=\write4
\openout4 = `texTemplate.out'.


("C:\Users\Mark Roland\AppData\Local\Programs\MiKTeX 2.9\tex\latex\oberdiek\pdf
lscape.sty"
Package: pdflscape 2008/08/11 v0.10 Display of landscape pages in PDF (HO)

("C:\Users\Mark Roland\AppData\Local\Programs\MiKTeX 2.9\tex\latex\graphics\lsc
ape.sty"
Package: lscape 2000/10/22 v3.01 Landscape Pages (DPC)
)
Package pdflscape Info: Auto-detected driver: pdftex on input line 80.
)
\c@lstlisting=\count178
Package lastpage Info: Please have a look at the pageslts package at
(lastpage)             https://www.ctan.org/pkg/pageslts
(lastpage)             ! on input line 73.
 <forside.pdf, id=130, 597.50829pt x 845.0471pt>
File: forside.pdf Graphic file (type pdf)
 <use forside.pdf>
Package pdftex.def Info: forside.pdf used on input line 75.
(pdftex.def)             Requested size: 597.50682pt x 845.04504pt.
File: forside.pdf Graphic file (type pdf)

<use forside.pdf>
Package pdftex.def Info: forside.pdf used on input line 75.
(pdftex.def)             Requested size: 597.50682pt x 845.04504pt.
 <forside.pdf, id=133, page=1, 597.50829pt x 845.0471pt>
File: forside.pdf Graphic file (type pdf)

<use forside.pdf, page 1>
Package pdftex.def Info: forside.pdf, page1 used on input line 75.
(pdftex.def)             Requested size: 597.50682pt x 845.04504pt.
File: forside.pdf Graphic file (type pdf)
 <use forside.pdf, page 1>
Package pdftex.def Info: forside.pdf, page1 used on input line 75.
(pdftex.def)             Requested size: 597.53416pt x 845.08372pt.
File: forside.pdf Graphic file (type pdf)
 <use forside.pdf, page 1>
Package pdftex.def Info: forside.pdf, page1 used on input line 75.
(pdftex.def)             Requested size: 597.53416pt x 845.08372pt.
File: forside.pdf Graphic file (type pdf)

<use forside.pdf, page 1>
Package pdftex.def Info: forside.pdf, page1 used on input line 75.
(pdftex.def)             Requested size: 597.53416pt x 845.08372pt.
File: forside.pdf Graphic file (type pdf)
 <use forside.pdf, page 1>
Package pdftex.def Info: forside.pdf, page1 used on input line 75.
(pdftex.def)             Requested size: 597.53416pt x 845.08372pt.
 [1

 <./forside.pdf{C:/Users/Mark Roland/AppData/Local/MiKTeX/2.9/pdftex/config/pdf
tex.map}>]
(texTemplate.toc
LaTeX Font Info:    Try loading font information for U+msa on input line 8.

("C:\Users\Mark Roland\AppData\Local\Programs\MiKTeX 2.9\tex\latex\amsfonts\ums
a.fd"
File: umsa.fd 2013/01/14 v3.01 AMS symbols A
)
LaTeX Font Info:    Try loading font information for U+msb on input line 8.

("C:\Users\Mark Roland\AppData\Local\Programs\MiKTeX 2.9\tex\latex\amsfonts\ums
b.fd"
File: umsb.fd 2013/01/14 v3.01 AMS symbols B
))
\tf@toc=\write5
\openout5 = `texTemplate.toc'.



Package Fancyhdr Warning: \headheight is too small (12.0pt): 
 Make it at least 14.49998pt.
 We now make it that large for the rest of the document.
 This may cause the page layout to be inconsistent, however.

[2]

LaTeX Warning: Command \textellipsis invalid in math mode on input line 118.


LaTeX Warning: Command \textellipsis invalid in math mode on input line 118.


LaTeX Warning: Command \textellipsis invalid in math mode on input line 122.

! Extra }, or forgotten $.
l.122 ...ned large text $T = \{t_1, t_2, , t_m}
                                                  \}$, and query some smalle...

? 

! LaTeX Error: There's no line here to end.

See the LaTeX manual or LaTeX Companion for explanation.
Type  H <return>  for immediate help.
 ...                                              
                                                  
l.132 \newline
              
? 
<1.png, id=226, 370.38374pt x 171.64125pt>
File: 1.png Graphic file (type png)
 <use 1.png>
Package pdftex.def Info: 1.png used on input line 136.
(pdftex.def)             Requested size: 273.14923pt x 126.583pt.

Underfull \hbox (badness 10000) in paragraph at lines 133--142

 []


LaTeX Warning: `h' float specifier changed to `ht'.


Underfull \hbox (badness 10000) in paragraph at lines 147--153

 []


Package Fancyhdr Warning: \headheight is too small (12.0pt): 
 Make it at least 14.49998pt.
 We now make it that large for the rest of the document.
 This may cause the page layout to be inconsistent, however.

[3] <trie.png, id=255, 569.12625pt x 249.93375pt>
File: trie.png Graphic file (type png)
 <use trie.png>
Package pdftex.def Info: trie.png used on input line 158.
(pdftex.def)             Requested size: 273.14923pt x 119.9592pt.


! LaTeX Error: There's no line here to end.

See the LaTeX manual or LaTeX Companion for explanation.
Type  H <return>  for immediate help.
 ...                                              
                                                  
l.163 \newline
              
? 

Underfull \hbox (badness 10000) in paragraph at lines 164--168

 []


Package Fancyhdr Warning: \headheight is too small (12.0pt): 
 Make it at least 14.49998pt.
 We now make it that large for the rest of the document.
 This may cause the page layout to be inconsistent, however.

[4 <./1.png> <./trie.png>]
<compressingtrie.png, id=269, 357.13425pt x 157.18726pt>
File: compressingtrie.png Graphic file (type png)

<use compressingtrie.png>
Package pdftex.def Info: compressingtrie.png used on input line 171.
(pdftex.def)             Requested size: 273.14923pt x 120.22386pt.

<suffixtree(banana).png, id=271, 233.07076pt x 190.311pt>
File: suffixtree(banana).png Graphic file (type png)

<use suffixtree(banana).png>
Package pdftex.def Info: suffixtree(banana).png used on input line 181.
(pdftex.def)             Requested size: 182.09486pt x 148.6917pt.


Package Fancyhdr Warning: \headheight is too small (12.0pt): 
 Make it at least 14.49998pt.
 We now make it that large for the rest of the document.
 This may cause the page layout to be inconsistent, however.

[5 <./compressingtrie.png> <./suffixtree(banana).png>]
Underfull \hbox (badness 10000) in paragraph at lines 194--196

 []

<travesal.png, id=292, 337.26pt x 239.39438pt>
File: travesal.png Graphic file (type png)
 <use travesal.png>
Package pdftex.def Info: travesal.png used on input line 215.
(pdftex.def)             Requested size: 227.62206pt x 161.57326pt.

Underfull \hbox (badness 10000) in paragraph at lines 217--217
[]\T1/cmr/m/n/12 Figure 5: |Rooted tree - deept-first trav-esal with $\OML/cmm/
m/it/12 L \OT1/cmr/m/n/12 =$
 []


LaTeX Warning: `h' float specifier changed to `ht'.

<suffixtree(speeling_anna).png, id=293, 212.59425pt x 204.16275pt>
File: suffixtree(speeling_anna).png Graphic file (type png)

<use suffixtree(speeling_anna).png>
Package pdftex.def Info: suffixtree(speeling_anna).png used on input line 226.
(pdftex.def)             Requested size: 182.09486pt x 174.88495pt.

Underfull \hbox (badness 10000) in paragraph at lines 228--228
[]\T1/cmr/m/n/12 Figure 6: |Rooted tree - deept-first trav-esal with $\OML/cmm/
m/it/12 L \OT1/cmr/m/n/12 =$
 []


LaTeX Warning: `h' float specifier changed to `ht'.


Package hyperref Warning: Token not allowed in a PDF string (PDFDocEncoding):
(hyperref)                removing `math shift' on input line 232.


Package hyperref Warning: Token not allowed in a PDF string (PDFDocEncoding):
(hyperref)                removing `math shift' on input line 232.


Overfull \hbox (1.16943pt too wide) in paragraph at lines 248--248
[]\T1/cmr/bx/n/14.4 Implementing a Mal-ware de-tec-tion sys-tem us-ing pre-pro-
cessed
 []


Package Fancyhdr Warning: \headheight is too small (12.0pt): 
 Make it at least 14.49998pt.
 We now make it that large for the rest of the document.
 This may cause the page layout to be inconsistent, however.

[6]

Package Fancyhdr Warning: \headheight is too small (12.0pt): 
 Make it at least 14.49998pt.
 We now make it that large for the rest of the document.
 This may cause the page layout to be inconsistent, however.

[7 <./travesal.png> <./suffixtree(speeling_anna).png>]

Package Fancyhdr Warning: \headheight is too small (12.0pt): 
 Make it at least 14.49998pt.
 We now make it that large for the rest of the document.
 This may cause the page layout to be inconsistent, however.

[8]

Package Fancyhdr Warning: \headheight is too small (12.0pt): 
 Make it at least 14.49998pt.
 We now make it that large for the rest of the document.
 This may cause the page layout to be inconsistent, however.

[9] (texTemplate.bbl
Overfull \hbox (31.36732pt too wide) in paragraph at lines 21--23
[]\T1/cmr/m/n/12 ``Strings - ad-vanced data struc-tures.'' https://www.youtube.
com/watch?v=F3nbY3hIDLQl. 
 []


! Package inputenc Error: Unicode char  (U+2217)
(inputenc)                not set up for use with LaTeX.

See the inputenc package documentation for explanation.
Type  H <return>  for immediate help.
 ...                                              
                                                  
l.25 ...ed suffix trees with full functionality
                                                  ,'' {\em 2007
? 
LaTeX Font Info:    Try loading font information for T1+cmtt on input line 30.

("C:\Users\Mark Roland\AppData\Local\Programs\MiKTeX 2.9\tex\latex\base\t1cmtt.
fd"
File: t1cmtt.fd 2014/09/29 v2.5h Standard LaTeX font definitions
)

! Package inputenc Error: Keyboard character used is undefined
(inputenc)                in inputencoding `utf8'.

See the inputenc package documentation for explanation.
Type  H <return>  for immediate help.
 ...                                              
                                                  
l.41 M.~Farach, ``Optimal su
                             x tree construction with large alphabets,'' {\em
? 

Underfull \hbox (badness 10000) in paragraph at lines 58--60
[]\T1/cmr/m/n/12 D. M., ``How to use scratch for dig-i-tal sto-ry-telling.''
 []


Overfull \hbox (27.72527pt too wide) in paragraph at lines 76--78
[]\T1/cmr/m/n/12 ``Programming and prob-lem solv-ing (pop).'' http://kurser.ku.
dk/course/ndab15009u/2015-
 []


Overfull \hbox (152.1142pt too wide) in paragraph at lines 85--87
[]\T1/cmr/m/n/12 S. Den-mark, ``Cul-tural habits sur-vey 2012.'' http://www.dst
.dk/en/Statistik/dokumentation/declarations/cultural-
 []


Package Fancyhdr Warning: \headheight is too small (12.0pt): 
 Make it at least 14.49998pt.
 We now make it that large for the rest of the document.
 This may cause the page layout to be inconsistent, however.

[10]
Underfull \hbox (badness 7468) in paragraph at lines 89--91
[]\T1/cmr/m/n/12 J. M. Wing, ``Com-pu-ta-tional think-ing and think-ing about c
om-put-ing.''
 []

) 
AED: lastpage setting LastPage

Package Fancyhdr Warning: \headheight is too small (12.0pt): 
 Make it at least 14.49998pt.
 We now make it that large for the rest of the document.
 This may cause the page layout to be inconsistent, however.

[11]
Package atveryend Info: Empty hook `BeforeClearDocument' on input line 284.
Package atveryend Info: Empty hook `AfterLastShipout' on input line 284.
 (texTemplate.aux)
Package atveryend Info: Executing hook `AtVeryEndDocument' on input line 284.
Package atveryend Info: Executing hook `AtEndAfterFileList' on input line 284.
Package rerunfilecheck Info: File `texTemplate.out' has not changed.
(rerunfilecheck)             Checksum: F0DB74C8EB486FB026972BF1860E5339;2227.
Package atveryend Info: Empty hook `AtVeryVeryEnd' on input line 284.
 ) 
Here is how much of TeX's memory you used:
 24541 strings out of 493634
 448408 string characters out of 3146585
 659518 words of memory out of 3000000
 27402 multiletter control sequences out of 15000+200000
 17904 words of font info for 51 fonts, out of 3000000 for 9000
 1025 hyphenation exceptions out of 8191
 62i,18n,92p,1062b,570s stack positions out of 5000i,500n,10000p,200000b,50000s
 <C:\Users\Mark Roland\AppData\Local\MiKTeX\2.9\fonts\pk\ljfour\jknappen\ec\d
pi600\ectt1200.pk> <C:\Users\Mark Roland\AppData\Local\MiKTeX\2.9\fonts\pk\ljfo
ur\jknappen\ec\dpi600\ecti1200.pk> <C:\Users\Mark Roland\AppData\Local\MiKTeX\2
.9\fonts\pk\ljfour\jknappen\ec\dpi600\ecbx1440.pk> <C:\Users\Mark Roland\AppDat
a\Local\MiKTeX\2.9\fonts\pk\ljfour\jknappen\ec\dpi600\ecrm1000.pk> <C:\Users\Ma
rk Roland\AppData\Local\MiKTeX\2.9\fonts\pk\ljfour\jknappen\ec\dpi600\ecrm0700.
pk> <C:\Users\Mark Roland\AppData\Local\MiKTeX\2.9\fonts\pk\ljfour\jknappen\ec\
dpi600\ecrm0800.pk> <C:\Users\Mark Roland\AppData\Local\MiKTeX\2.9\fonts\pk\ljf
our\jknappen\ec\dpi600\ecbx1200.pk> <C:\Users\Mark Roland\AppData\Local\MiKTeX\
2.9\fonts\pk\ljfour\jknappen\ec\dpi600\ecbx1728.pk> <C:\Users\Mark Roland\AppDa
ta\Local\MiKTeX\2.9\fonts\pk\ljfour\jknappen\ec\dpi600\ecrm1200.pk><C:/Users/Ma
rk Roland/AppData/Local/Programs/MiKTeX 2.9/fonts/type1/public/amsfonts/cm/cmmi
12.pfb><C:/Users/Mark Roland/AppData/Local/Programs/MiKTeX 2.9/fonts/type1/publ
ic/amsfonts/cm/cmmi8.pfb><C:/Users/Mark Roland/AppData/Local/Programs/MiKTeX 2.
9/fonts/type1/public/amsfonts/cm/cmr12.pfb><C:/Users/Mark Roland/AppData/Local/
Programs/MiKTeX 2.9/fonts/type1/public/amsfonts/cm/cmr8.pfb><C:/Users/Mark Rola
nd/AppData/Local/Programs/MiKTeX 2.9/fonts/type1/public/amsfonts/cm/cmsy10.pfb>
<C:/Users/Mark Roland/AppData/Local/Programs/MiKTeX 2.9/fonts/type1/urw/courier
/ucrr8a.pfb><C:/Users/Mark Roland/AppData/Local/Programs/MiKTeX 2.9/fonts/type1
/urw/palatino/uplb8a.pfb><C:/Users/Mark Roland/AppData/Local/Programs/MiKTeX 2.
9/fonts/type1/urw/palatino/uplr8a.pfb>
Output written on texTemplate.pdf (11 pages, 327510 bytes).
PDF statistics:
 753 PDF objects out of 1000 (max. 8388607)
 82 named destinations out of 1000 (max. 500000)
 311 words of extra memory for PDF output out of 10000 (max. 10000000)

